This is pdfTeX, Version 3.141592653-2.6-1.40.26 (TeX Live 2024) (preloaded format=pdflatex 2024.10.9)  15 OCT 2025 22:46
entering extended mode
 restricted \write18 enabled.
 %&-line parsing enabled.
**src/b-02-silkworth.tex
(./src/b-02-silkworth.tex
LaTeX2e <2024-06-01> patch level 2
L3 programming layer <2024-09-10>
! Undefined control sequence.
l.1 \chapter
            {Silkworth}
? 
! Emergency stop.
l.1 
    
End of file on the terminal!

 
Here is how much of TeX's memory you used:
 16 strings out of 473579
 398 string characters out of 5728234
 386806 words of memory out of 5000000
 23011 multiletter control sequences out of 15000+600000
 558069 words of font info for 36 fonts, out of 8000000 for 9000
 1141 hyphenation exceptions out of 8191
 12i,0n,13p,73b,8s stack positions out of 10000i,1000n,20000p,200000b,200000s
!  ==> Fatal error occurred, no output PDF file produced!
