\BOOKMARK [0][-]{section*.1}{\376\377\000C\000o\000n\000t\000e\000n\000t\000s}{}% 1
\BOOKMARK [0][-]{chapter.1}{\376\377\000B\000i\000g\000b\000o\000o\000k\000\040\000T\000i\000t\000l\000e\000p\000a\000g\000e}{}% 2
\BOOKMARK [0][-]{chapter.2}{\376\377\000F\000o\000r\000e\000w\000o\000r\000d\000s}{}% 3
\BOOKMARK [1][-]{section.2.1}{\376\377\000P\000r\000e\000f\000a\000c\000e}{chapter.2}% 4
\BOOKMARK [1][-]{section.2.2}{\376\377\000S\000e\000c\000o\000n\000d}{chapter.2}% 5
\BOOKMARK [1][-]{section.2.3}{\376\377\000T\000h\000i\000r\000d}{chapter.2}% 6
\BOOKMARK [1][-]{section.2.4}{\376\377\000F\000o\000u\000r\000t\000h}{chapter.2}% 7
\BOOKMARK [0][-]{chapter.3}{\376\377\000S\000i\000l\000k\000w\000o\000r\000t\000h}{}% 8
\BOOKMARK [1][-]{section.3.1}{\376\377\000I\000n\000t\000r\000o\000d\000u\000c\000t\000i\000o\000n}{chapter.3}% 9
\BOOKMARK [1][-]{section.3.2}{\376\377\000S\000i\000l\000k\000w\000o\000r\000t\000h}{chapter.3}% 10
\BOOKMARK [1][-]{section.3.3}{\376\377\000C\000o\000m\000m\000e\000n\000t\000a\000r\000y}{chapter.3}% 11
\BOOKMARK [1][-]{section.3.4}{\376\377\000M\000o\000r\000e\000\040\000f\000r\000o\000m\000\040\000S\000i\000l\000k\000w\000o\000r\000t\000h}{chapter.3}% 12
\BOOKMARK [1][-]{section.3.5}{\376\377\000A\000l\000l\000e\000r\000g\000y\000\040\000H\000y\000p\000o\000t\000h\000e\000s\000i\000s}{chapter.3}% 13
\BOOKMARK [1][-]{section.3.6}{\376\377\000C\000r\000a\000v\000i\000n\000g}{chapter.3}% 14
\BOOKMARK [1][-]{section.3.7}{\376\377\000T\000y\000p\000e\000s}{chapter.3}% 15
\BOOKMARK [1][-]{section.3.8}{\376\377\000T\000h\000e\000r\000e\000\040\000i\000s\000\040\000a\000\040\000S\000o\000l\000u\000t\000i\000o\000n}{chapter.3}% 16
\BOOKMARK [0][-]{chapter.4}{\376\377\000B\000i\000l\000l}{}% 17
\BOOKMARK [1][-]{section.4.1}{\376\377\000B\000e\000g\000i\000n\000n\000i\000n\000g\000s}{chapter.4}% 18
\BOOKMARK [1][-]{section.4.2}{\376\377\000T\000h\000e\000\040\000F\000a\000l\000l}{chapter.4}% 19
\BOOKMARK [1][-]{section.4.3}{\376\377\000M\000a\000n\000a\000g\000e\000a\000b\000l\000e}{chapter.4}% 20
\BOOKMARK [1][-]{section.4.4}{\376\377\000P\000o\000w\000e\000r\000l\000e\000s\000s\000n\000e\000s\000s}{chapter.4}% 21
\BOOKMARK [1][-]{section.4.5}{\376\377\000S\000i\000l\000k\000w\000o\000r\000t\000h}{chapter.4}% 22
\BOOKMARK [1][-]{section.4.6}{\376\377\000E\000b\000b\000y}{chapter.4}% 23
\BOOKMARK [1][-]{section.4.7}{\376\377\000T\000h\000e\000r\000e\000\040\000i\000s\000\040\000a\000\040\000S\000o\000l\000u\000t\000i\000o\000n}{chapter.4}% 24
\BOOKMARK [1][-]{section.4.8}{\376\377\000C\000a\000m\000e\000\040\000t\000o\000\040\000B\000e\000l\000i\000e\000v\000e}{chapter.4}% 25
\BOOKMARK [1][-]{section.4.9}{\376\377\000T\000u\000r\000n\000i\000n\000g\000\040\000O\000v\000e\000r}{chapter.4}% 26
\BOOKMARK [1][-]{section.4.10}{\376\377\000C\000a\000r\000r\000y\000\040\000F\000o\000r\000t\000h}{chapter.4}% 27
\BOOKMARK [0][-]{chapter.5}{\376\377\000S\000o\000l\000u\000t\000i\000o\000n}{}% 28
\BOOKMARK [1][-]{section.5.1}{\376\377\000W\000h\000o\000\040\000A\000r\000e\000\040\000W\000e}{chapter.5}% 29
\BOOKMARK [1][-]{section.5.2}{\376\377\000S\000h\000a\000r\000e\000d\000\040\000E\000x\000p\000e\000r\000i\000e\000n\000c\000e}{chapter.5}% 30
\BOOKMARK [1][-]{section.5.3}{\376\377\000C\000a\000r\000r\000y\000i\000n\000g\000\040\000T\000h\000e\000\040\000M\000e\000s\000s\000a\000g\000e}{chapter.5}% 31
\BOOKMARK [1][-]{section.5.4}{\376\377\000W\000h\000o\000\040\000M\000e\000?}{chapter.5}% 32
\BOOKMARK [1][-]{section.5.5}{\376\377\000N\000o\000n\000-\000A\000l\000c\000o\000h\000o\000l\000i\000c\000s}{chapter.5}% 33
\BOOKMARK [1][-]{section.5.6}{\376\377\000T\000h\000e\000\040\000A\000l\000c\000o\000h\000o\000l\000i\000c}{chapter.5}% 34
\BOOKMARK [1][-]{section.5.7}{\376\377\000P\000o\000w\000e\000r\000l\000e\000s\000s\000n\000e\000s\000s}{chapter.5}% 35
\BOOKMARK [1][-]{section.5.8}{\376\377\000U\000n\000m\000a\000n\000a\000g\000e\000a\000b\000i\000l\000i\000t\000y}{chapter.5}% 36
\BOOKMARK [1][-]{section.5.9}{\376\377\000T\000h\000e\000r\000e\000\040\000i\000s\000\040\000a\000\040\000S\000o\000l\000u\000t\000i\000o\000n}{chapter.5}% 37
\BOOKMARK [1][-]{section.5.10}{\376\377\000H\000a\000z\000a\000r\000d}{chapter.5}% 38
\BOOKMARK [1][-]{section.5.11}{\376\377\000J\000u\000n\000g}{chapter.5}% 39
\BOOKMARK [1][-]{section.5.12}{\376\377\000J\000a\000m\000e\000s}{chapter.5}% 40
\BOOKMARK [1][-]{section.5.13}{\376\377\000B\000i\000g\000b\000o\000o\000k\000\040\000A\000r\000c}{chapter.5}% 41
\BOOKMARK [0][-]{chapter.6}{\376\377\000A\000l\000c\000o\000h\000o\000l\000i\000s\000m}{}% 42
\BOOKMARK [1][-]{section.6.1}{\376\377\000U\000n\000w\000i\000l\000l\000i\000n\000g}{chapter.6}% 43
\BOOKMARK [1][-]{section.6.2}{\376\377\000A\000\040\000P\000r\000o\000g\000r\000e\000s\000s\000i\000v\000e\000\040\000I\000l\000l\000n\000e\000s\000s}{chapter.6}% 44
\BOOKMARK [1][-]{section.6.3}{\376\377\000F\000a\000i\000l\000u\000r\000e\000\040\000o\000f\000\040\000T\000h\000e\000\040\000W\000i\000l\000l}{chapter.6}% 45
\BOOKMARK [1][-]{section.6.4}{\376\377\000D\000r\000i\000n\000k\000i\000n\000g\000\040\000E\000x\000p\000e\000r\000i\000m\000e\000n\000t\000s}{chapter.6}% 46
\BOOKMARK [1][-]{section.6.5}{\376\377\000A\000\040\000T\000r\000a\000g\000i\000c\000\040\000S\000t\000o\000r\000y}{chapter.6}% 47
\BOOKMARK [1][-]{section.6.6}{}{chapter.6}% 48
\BOOKMARK [1][-]{section.6.7}{\376\377\000R\000e\000l\000a\000p\000s\000e}{chapter.6}% 49
\BOOKMARK [1][-]{section.6.8}{\376\377\000J\000i\000m}{chapter.6}% 50
\BOOKMARK [1][-]{section.6.9}{\376\377\000I\000n\000s\000a\000n\000i\000t\000y}{chapter.6}% 51
\BOOKMARK [1][-]{section.6.10}{\376\377\000J\000a\000y\000w\000a\000l\000k\000e\000r\000s}{chapter.6}% 52
\BOOKMARK [1][-]{section.6.11}{\376\377\000H\000a\000l\000f\000w\000a\000y\000\040\000T\000h\000e\000r\000e}{chapter.6}% 53
\BOOKMARK [1][-]{section.6.12}{\376\377\000F\000r\000e\000d}{chapter.6}% 54
\BOOKMARK [1][-]{section.6.13}{\376\377\000F\000r\000e\000d\000'\000s\000\040\000T\000e\000s\000t\000i\000m\000o\000n\000y}{chapter.6}% 55
\BOOKMARK [1][-]{section.6.14}{\376\377\000S\000p\000i\000r\000i\000t\000u\000a\000l\000\040\000E\000x\000p\000e\000r\000i\000e\000n\000c\000e}{chapter.6}% 56
\BOOKMARK [0][-]{chapter.7}{\376\377\000A\000g\000n\000o\000s\000t\000i\000c\000s}{}% 57
\BOOKMARK [1][-]{section.7.1}{\376\377\000L\000a\000c\000k\000\040\000O\000f\000\040\000P\000o\000w\000e\000r}{chapter.7}% 58
\BOOKMARK [1][-]{section.7.2}{\376\377\000S\000k\000e\000p\000t\000i\000c\000a\000l\000\040\000C\000u\000r\000i\000o\000r\000i\000s\000t\000y}{chapter.7}% 59
\BOOKMARK [1][-]{section.7.3}{\376\377\000O\000f\000\040\000O\000u\000r\000\040\000O\000w\000n\000\040\000C\000o\000n\000c\000e\000p\000t\000i\000o\000n}{chapter.7}% 60
\BOOKMARK [1][-]{section.7.4}{\376\377\000F\000e\000a\000r\000\040\000o\000f\000\040\000F\000a\000i\000t\000h}{chapter.7}% 61
\BOOKMARK [1][-]{section.7.5}{\376\377\000S\000t\000e\000e\000l\000\040\000G\000r\000i\000n\000d\000e\000r\000s}{chapter.7}% 62
\BOOKMARK [1][-]{section.7.6}{\376\377\000R\000e\000d\000\040\000H\000e\000r\000r\000i\000n\000g\000s}{chapter.7}% 63
\BOOKMARK [1][-]{section.7.7}{\376\377\000T\000h\000e\000\040\000C\000o\000m\000m\000o\000n\000\040\000S\000p\000i\000r\000i\000t\000u\000a\000l\000\040\000E\000x\000p\000e\000r\000i\000e\000n\000c\000e}{chapter.7}% 64
\BOOKMARK [1][-]{section.7.8}{\376\377\000S\000c\000i\000e\000n\000t\000i\000f\000i\000c\000-\000S\000p\000i\000r\000i\000t\000u\000a\000l\000\040\000C\000o\000n\000t\000r\000a\000d\000i\000c\000t\000i\000o\000n\000s}{chapter.7}% 65
\BOOKMARK [1][-]{section.7.9}{\376\377\000R\000e\000a\000s\000o\000n\000\040\000C\000o\000n\000t\000r\000a\000\040\000R\000e\000a\000s\000o\000n}{chapter.7}% 66
\BOOKMARK [1][-]{section.7.10}{\376\377\000B\000e\000y\000o\000n\000d\000\040\000R\000e\000a\000s\000o\000n}{chapter.7}% 67
\BOOKMARK [1][-]{section.7.11}{\376\377\000I\000d\000o\000l\000a\000t\000r\000y\000\040\000R\000e\000d\000e\000e\000m\000e\000d}{chapter.7}% 68
\BOOKMARK [1][-]{section.7.12}{\376\377\000G\000o\000d\000\040\000W\000i\000t\000h\000i\000n}{chapter.7}% 69
\BOOKMARK [1][-]{section.7.13}{\376\377\000A\000n\000\040\000E\000x\000-\000A\000t\000h\000e\000i\000s\000t}{chapter.7}% 70
\BOOKMARK [1][-]{section.7.14}{\376\377\000S\000e\000e\000k\000\040\000A\000n\000d\000\040\000Y\000o\000u\000\040\000W\000i\000l\000l\000\040\000F\000i\000n\000d}{chapter.7}% 71
\BOOKMARK [0][-]{chapter.8}{\376\377\000F\000o\000r\000e\000w\000o\000r\000d}{}% 72
